<?xml version="1.0" encoding="UTF-8"?>
<!-- Generated by org.testng.reporters.JUnitXMLReporter -->
<testsuite hostname="LAPTOP-QFB8EBV8" ignored="0" name="Command line test" tests="6" failures="0" timestamp="03 Feb 2019 15:26:37 GMT" time="0.121" errors="0">
  <testcase name="IOSApp" time="0.033" classname="automationTesting.AppiumTest"/>
  <testcase name="androidApp" time="0.007" classname="automationTesting.AppiumTest"/>
  <testcase name="deleteTwitter" time="0.0" classname="automationTesting.RESTAPITest"/>
  <testcase name="postJIRA" time="0.0" classname="automationTesting.RESTAPITest"/>
  <testcase name="logIn" time="0.0" classname="automationTesting.SeleniumTest"/>
  <testcase name="signUp" time="0.001" classname="automationTesting.SeleniumTest"/>
</testsuite> <!-- Command line test -->
