<?xml version="1.0" encoding="UTF-8"?>
<!-- Generated by org.testng.reporters.JUnitXMLReporter -->
<testsuite hostname="LAPTOP-QFB8EBV8" ignored="0" name="Test" tests="4" failures="0" timestamp="03 Feb 2019 15:27:22 GMT" time="0.089" errors="0">
  <testcase name="deleteTwitter" time="0.022" classname="automationTesting.RESTAPITest"/>
  <testcase name="postJIRA" time="0.0" classname="automationTesting.RESTAPITest"/>
  <testcase name="logIn" time="0.002" classname="automationTesting.SeleniumTest"/>
  <testcase name="signUp" time="0.0" classname="automationTesting.SeleniumTest"/>
</testsuite> <!-- Test -->
